------------------------------------------------------------
2020/10/23-09:54:01,467506564 -- INFO -- Starting to install VS Code extensions [https://marketplace.visualstudio.com/VSCode]
------------------------------------------------------------
2020/10/23-09:54:01,470529730 -- INFO -- code-extension -- Running: code --install-extension dracula-theme.theme-dracula
Installing extensions...
Installing extension 'dracula-theme.theme-dracula' v2.22.1...
Extension 'dracula-theme.theme-dracula' v2.22.1 was successfully installed.
2020/10/23-09:54:05,041626026 -- INFO -- code-extension -- Finished installation of VS Code extension:  dracula-theme.theme-dracula
------------------------------------------------------------
2020/10/23-09:54:05,043985984 -- INFO -- code-extension -- Running: code --install-extension PKief.material-icon-theme
Installing extensions...
Installing extension 'pkief.material-icon-theme' v4.3.0...
Extension 'pkief.material-icon-theme' v4.3.0 was successfully installed.
2020/10/23-09:54:09,054309365 -- INFO -- code-extension -- Finished installation of VS Code extension:  PKief.material-icon-theme
------------------------------------------------------------
2020/10/23-09:54:09,056404645 -- INFO -- code-extension -- Running: code --install-extension formulahendry.code-runner
Installing extensions...
Installing extension 'formulahendry.code-runner' v0.11.1...
Extension 'formulahendry.code-runner' v0.11.1 was successfully installed.
2020/10/23-09:54:12,762245952 -- INFO -- code-extension -- Finished installation of VS Code extension:  formulahendry.code-runner
------------------------------------------------------------
2020/10/23-09:54:12,764449437 -- INFO -- code-extension -- Running: code --install-extension yzhang.markdown-all-in-one
Installing extensions...
Installing extension 'yzhang.markdown-all-in-one' v3.3.0...
Extension 'yzhang.markdown-all-in-one' v3.3.0 was successfully installed.
2020/10/23-09:54:17,329513815 -- INFO -- code-extension -- Finished installation of VS Code extension:  yzhang.markdown-all-in-one
------------------------------------------------------------
2020/10/23-09:54:17,332827959 -- INFO -- code-extension -- Running: code --install-extension shd101wyy.markdown-preview-enhanced
Installing extensions...
Installing extension 'shd101wyy.markdown-preview-enhanced' v0.5.13...
Extension 'shd101wyy.markdown-preview-enhanced' v0.5.13 was successfully installed.
2020/10/23-09:54:28,102142259 -- INFO -- code-extension -- Finished installation of VS Code extension:  shd101wyy.markdown-preview-enhanced
------------------------------------------------------------
2020/10/23-09:54:28,104477272 -- INFO -- code-extension -- Running: code --install-extension eamodio.gitlens
Installing extensions...
Installing extension 'eamodio.gitlens' v10.2.2...
Extension 'eamodio.gitlens' v10.2.2 was successfully installed.
2020/10/23-09:54:32,404424554 -- INFO -- code-extension -- Finished installation of VS Code extension:  eamodio.gitlens
------------------------------------------------------------
2020/10/23-09:54:32,406502441 -- INFO -- code-extension -- Running: code --install-extension GitHub.vscode-pull-request-github
Installing extensions...
Installing extension 'github.vscode-pull-request-github' v0.20.1...
Extension 'github.vscode-pull-request-github' v0.20.1 was successfully installed.
2020/10/23-09:54:36,005112400 -- INFO -- code-extension -- Finished installation of VS Code extension:  GitHub.vscode-pull-request-github
------------------------------------------------------------
2020/10/23-09:54:36,007225565 -- INFO -- code-extension -- Running: code --install-extension rogalmic.bash-debug
Installing extensions...
Installing extension 'rogalmic.bash-debug' v0.3.9...
Extension 'rogalmic.bash-debug' v0.3.9 was successfully installed.
2020/10/23-09:54:39,790031920 -- INFO -- code-extension -- Finished installation of VS Code extension:  rogalmic.bash-debug
------------------------------------------------------------
============================================================
2020/10/23-09:56:21,398624004 -- INFO -- Starting to install VS Code extensions [https://marketplace.visualstudio.com/VSCode]
============================================================
2020/10/23-09:56:21,401802518 -- INFO -- code-extension -- Running: code --install-extension dracula-theme.theme-dracula
Installing extensions...
Extension 'dracula-theme.theme-dracula' is already installed.
2020/10/23-09:56:23,378784930 -- INFO -- code-extension -- Finished installation of VS Code extension:  dracula-theme.theme-dracula
------------------------------------------------------------
2020/10/23-09:56:23,381792543 -- INFO -- code-extension -- Running: code --install-extension PKief.material-icon-theme
Installing extensions...
Extension 'pkief.material-icon-theme' is already installed.
2020/10/23-09:56:25,273292941 -- INFO -- code-extension -- Finished installation of VS Code extension:  PKief.material-icon-theme
------------------------------------------------------------
2020/10/23-09:56:25,276064619 -- INFO -- code-extension -- Running: code --install-extension formulahendry.code-runner
Installing extensions...
Extension 'formulahendry.code-runner' is already installed.
2020/10/23-09:56:27,212972498 -- INFO -- code-extension -- Finished installation of VS Code extension:  formulahendry.code-runner
------------------------------------------------------------
2020/10/23-09:56:27,215173770 -- INFO -- code-extension -- Running: code --install-extension yzhang.markdown-all-in-one
Installing extensions...
Extension 'yzhang.markdown-all-in-one' is already installed.
2020/10/23-09:56:29,293158833 -- INFO -- code-extension -- Finished installation of VS Code extension:  yzhang.markdown-all-in-one
------------------------------------------------------------
2020/10/23-09:56:29,295856978 -- INFO -- code-extension -- Running: code --install-extension shd101wyy.markdown-preview-enhanced
Installing extensions...
Extension 'shd101wyy.markdown-preview-enhanced' is already installed.
2020/10/23-09:56:31,320736636 -- INFO -- code-extension -- Finished installation of VS Code extension:  shd101wyy.markdown-preview-enhanced
------------------------------------------------------------
2020/10/23-09:56:31,322770019 -- INFO -- code-extension -- Running: code --install-extension eamodio.gitlens
Installing extensions...
Extension 'eamodio.gitlens' is already installed.
2020/10/23-09:56:33,443763175 -- INFO -- code-extension -- Finished installation of VS Code extension:  eamodio.gitlens
------------------------------------------------------------
2020/10/23-09:56:33,445917677 -- INFO -- code-extension -- Running: code --install-extension GitHub.vscode-pull-request-github
Installing extensions...
Extension 'github.vscode-pull-request-github' is already installed.
2020/10/23-09:56:35,482238713 -- INFO -- code-extension -- Finished installation of VS Code extension:  GitHub.vscode-pull-request-github
------------------------------------------------------------
2020/10/23-09:56:35,484742332 -- INFO -- code-extension -- Running: code --install-extension rogalmic.bash-debug
Installing extensions...
Extension 'rogalmic.bash-debug' is already installed.
2020/10/23-09:56:37,460962634 -- INFO -- code-extension -- Finished installation of VS Code extension:  rogalmic.bash-debug
------------------------------------------------------------
============================================================
2020/10/23-09:59:03:871083035 -- INFO -- git clone (/tmp/gnome-terminal) -- Starting to install Dracula Theme Gnome Terminal [https://draculatheme.com/gnome-terminal]
============================================================
> cd /tmp
